[debug] [2021-11-25T19:50:13.540Z] ----------------------------------------------------------------------
[debug] [2021-11-25T19:50:13.542Z] Command:       C:\Program Files\nodejs\node.exe C:\Users\user\AppData\Roaming\npm\node_modules\firebase-tools\lib\bin\firebase.js init
[debug] [2021-11-25T19:50:13.542Z] CLI Version:   9.23.0
[debug] [2021-11-25T19:50:13.543Z] Platform:      win32
[debug] [2021-11-25T19:50:13.543Z] Node Version:  v16.13.0
[debug] [2021-11-25T19:50:13.544Z] Time:          Thu Nov 25 2021 23:20:13 GMT+0330 (Iran Standard Time)
[debug] [2021-11-25T19:50:13.544Z] ----------------------------------------------------------------------
[debug] 
[debug] [2021-11-25T19:50:13.621Z] > command requires scopes: ["email","openid","https://www.googleapis.com/auth/cloudplatformprojects.readonly","https://www.googleapis.com/auth/firebase","https://www.googleapis.com/auth/cloud-platform"]
[debug] [2021-11-25T19:50:13.621Z] > authorizing via signed-in user (emptyprogrammer@gmail.com)
[info] 
     ######## #### ########  ######## ########     ###     ######  ########
     ##        ##  ##     ## ##       ##     ##  ##   ##  ##       ##
     ######    ##  ########  ######   ########  #########  ######  ######
     ##        ##  ##    ##  ##       ##     ## ##     ##       ## ##
     ##       #### ##     ## ######## ########  ##     ##  ######  ########

You're about to initialize a Firebase project in this directory:

  L:\Clever_P\disney-clone

Before we get started, keep in mind:

  * You are initializing within an existing Firebase project directory

